0 info it worked if it ends with ok
1 verbose cli [ 'C:\\Program Files\\nodejs\\node.exe',
1 verbose cli   'C:\\Program Files\\nodejs\\node_modules\\npm\\bin\\npm-cli.js',
1 verbose cli   'publish',
1 verbose cli   'C:UserscmatsDocumentsreposBCIS' ]
2 info using npm@3.10.8
3 info using node@v6.9.1
4 verbose publish [ 'C:UserscmatsDocumentsreposBCIS' ]
5 silly cache add args [ 'C:UserscmatsDocumentsreposBCIS', null ]
6 verbose cache add spec C:UserscmatsDocumentsreposBCIS
7 silly cache add parsed spec Result {
7 silly cache add   raw: 'C:UserscmatsDocumentsreposBCIS',
7 silly cache add   scope: null,
7 silly cache add   escapedName: null,
7 silly cache add   name: null,
7 silly cache add   rawSpec: 'C:UserscmatsDocumentsreposBCIS',
7 silly cache add   spec: 'C:\\Users\\cmats\\Documents\\repos\\BCIS\\UserscmatsDocumentsreposBCIS',
7 silly cache add   type: 'local' }
8 error addLocal Could not install C:\Users\cmats\Documents\repos\BCIS\UserscmatsDocumentsreposBCIS
9 verbose stack Error: ENOENT: no such file or directory, open 'C:\Users\cmats\Documents\repos\BCIS\UserscmatsDocumentsreposBCIS'
9 verbose stack     at Error (native)
10 verbose cwd C:\Users\cmats\Documents\repos\BCIS
11 error Windows_NT 10.0.16299
12 error argv "C:\\Program Files\\nodejs\\node.exe" "C:\\Program Files\\nodejs\\node_modules\\npm\\bin\\npm-cli.js" "publish" "C:UserscmatsDocumentsreposBCIS"
13 error node v6.9.1
14 error npm  v3.10.8
15 error path C:\Users\cmats\Documents\repos\BCIS\UserscmatsDocumentsreposBCIS
16 error code ENOENT
17 error errno -4058
18 error syscall open
19 error enoent ENOENT: no such file or directory, open 'C:\Users\cmats\Documents\repos\BCIS\UserscmatsDocumentsreposBCIS'
20 error enoent ENOENT: no such file or directory, open 'C:\Users\cmats\Documents\repos\BCIS\UserscmatsDocumentsreposBCIS'
20 error enoent This is most likely not a problem with npm itself
20 error enoent and is related to npm not being able to find a file.
21 verbose exit [ -4058, true ]
